<?xml version="1.0" encoding="UTF-8"?>
<!-- Generated by org.testng.reporters.JUnitReportReporter -->
<testsuite hostname="LAPTOP-IP1RMDOK" failures="0" tests="4" name="tests.LoginTest" time="22.259" errors="0" timestamp="2026-03-31T14:16:15 ICT" skipped="0">
  <testcase classname="tests.LoginTest" name="testLoginWrongPassword" time="5.056"/>
  <testcase classname="tests.LoginTest" name="testLoginEmptyUsername" time="6.497"/>
  <testcase classname="tests.LoginTest" name="testLoginSuccess" time="5.087"/>
  <testcase classname="tests.LoginTest" name="testLoginLockedUser" time="5.619"/>
</testsuite> <!-- tests.LoginTest -->
