<?xml version="1.0" encoding="UTF-8"?>
<!-- Generated by org.testng.reporters.JUnitReportReporter -->
<testsuite hostname="LAPTOP-IP1RMDOK" failures="0" tests="4" name="tests.LoginTest" time="23.222" errors="0" timestamp="2026-03-31T13:53:06 ICT" skipped="0">
  <testcase classname="tests.LoginTest" name="testLoginWrongPassword" time="4.615"/>
  <testcase classname="tests.LoginTest" name="testLoginEmptyUsername" time="5.598"/>
  <testcase classname="tests.LoginTest" name="testLoginSuccess" time="6.621"/>
  <testcase classname="tests.LoginTest" name="testLoginLockedUser" time="6.388"/>
</testsuite> <!-- tests.LoginTest -->
