<?xml version="1.0" encoding="UTF-8"?>
<!-- Generated by org.testng.reporters.JUnitXMLReporter -->
<testsuite ignored="0" hostname="LAPTOP-IP1RMDOK" failures="0" tests="4" name="Login Smoke Tests" time="22.437" errors="0" timestamp="2026-03-31T14:16:15 ICT">
  <testcase classname="tests.LoginTest" name="testLoginEmptyUsername" time="0.562"/>
  <testcase classname="tests.LoginTest" name="testLoginLockedUser" time="0.518"/>
  <testcase classname="tests.LoginTest" name="testLoginSuccess" time="0.503"/>
  <testcase classname="tests.LoginTest" name="testLoginWrongPassword" time="0.501"/>
</testsuite> <!-- Login Smoke Tests -->
