<?xml version="1.0" encoding="UTF-8"?>
<!-- Generated by org.testng.reporters.JUnitXMLReporter -->
<testsuite ignored="0" hostname="LAPTOP-IP1RMDOK" failures="0" tests="4" name="Login Smoke Tests" time="23.376" errors="0" timestamp="2026-03-31T13:53:06 ICT">
  <testcase classname="tests.LoginTest" name="testLoginEmptyUsername" time="0.437"/>
  <testcase classname="tests.LoginTest" name="testLoginLockedUser" time="0.55"/>
  <testcase classname="tests.LoginTest" name="testLoginSuccess" time="0.474"/>
  <testcase classname="tests.LoginTest" name="testLoginWrongPassword" time="0.446"/>
</testsuite> <!-- Login Smoke Tests -->
