<?xml version="1.0" encoding="UTF-8"?>
<testng-results ignored="0" total="4" passed="4" failed="0" skipped="0">
  <reporter-output>
  </reporter-output>
  <suite started-at="2026-03-31T13:52:43 ICT" name="Smoke Test Suite" finished-at="2026-03-31T13:53:06 ICT" duration-ms="23376">
    <groups>
    </groups>
    <test started-at="2026-03-31T13:52:43 ICT" name="Login Smoke Tests" finished-at="2026-03-31T13:53:06 ICT" duration-ms="23376">
      <class name="tests.LoginTest">
        <test-method is-config="true" signature="setUp(java.lang.String,java.lang.String)[pri:0, instance:tests.LoginTest@742ff096]" started-at="2026-03-31T13:52:43 ICT" name="setUp" finished-at="2026-03-31T13:52:49 ICT" duration-ms="5922" status="PASS">
          <params>
            <param index="0">
              <value>
                <![CDATA[chrome]]>
              </value>
            </param>
            <param index="1">
              <value>
                <![CDATA[dev]]>
              </value>
            </param>
          </params>
          <reporter-output>
          </reporter-output>
        </test-method> <!-- setUp -->
        <test-method signature="testLoginEmptyUsername()[pri:0, instance:tests.LoginTest@742ff096]" started-at="2026-03-31T13:52:49 ICT" name="testLoginEmptyUsername" description="Đăng nhập thất bại - để trống username" finished-at="2026-03-31T13:52:49 ICT" duration-ms="437" status="PASS">
          <reporter-output>
          </reporter-output>
        </test-method> <!-- testLoginEmptyUsername -->
        <test-method is-config="true" signature="tearDown(org.testng.ITestResult)[pri:0, instance:tests.LoginTest@742ff096]" started-at="2026-03-31T13:52:49 ICT" name="tearDown" finished-at="2026-03-31T13:52:49 ICT" duration-ms="225" status="PASS">
          <params>
            <param index="0">
              <value>
                <![CDATA[[TestResult name=testLoginEmptyUsername status=SUCCESS method=LoginTest.testLoginEmptyUsername()[pri:0, instance:tests.LoginTest@742ff096] output={null}]]]>
              </value>
            </param>
          </params>
          <reporter-output>
          </reporter-output>
        </test-method> <!-- tearDown -->
        <test-method is-config="true" signature="setUp(java.lang.String,java.lang.String)[pri:0, instance:tests.LoginTest@742ff096]" started-at="2026-03-31T13:52:49 ICT" name="setUp" finished-at="2026-03-31T13:52:54 ICT" duration-ms="4926" status="PASS">
          <params>
            <param index="0">
              <value>
                <![CDATA[chrome]]>
              </value>
            </param>
            <param index="1">
              <value>
                <![CDATA[dev]]>
              </value>
            </param>
          </params>
          <reporter-output>
          </reporter-output>
        </test-method> <!-- setUp -->
        <test-method signature="testLoginLockedUser()[pri:0, instance:tests.LoginTest@742ff096]" started-at="2026-03-31T13:52:54 ICT" name="testLoginLockedUser" description="Đăng nhập thất bại - tài khoản bị khoá" finished-at="2026-03-31T13:52:55 ICT" duration-ms="550" status="PASS">
          <reporter-output>
          </reporter-output>
        </test-method> <!-- testLoginLockedUser -->
        <test-method is-config="true" signature="tearDown(org.testng.ITestResult)[pri:0, instance:tests.LoginTest@742ff096]" started-at="2026-03-31T13:52:55 ICT" name="tearDown" finished-at="2026-03-31T13:52:55 ICT" duration-ms="163" status="PASS">
          <params>
            <param index="0">
              <value>
                <![CDATA[[TestResult name=testLoginLockedUser status=SUCCESS method=LoginTest.testLoginLockedUser()[pri:0, instance:tests.LoginTest@742ff096] output={null}]]]>
              </value>
            </param>
          </params>
          <reporter-output>
          </reporter-output>
        </test-method> <!-- tearDown -->
        <test-method is-config="true" signature="setUp(java.lang.String,java.lang.String)[pri:0, instance:tests.LoginTest@742ff096]" started-at="2026-03-31T13:52:55 ICT" name="setUp" finished-at="2026-03-31T13:52:59 ICT" duration-ms="4006" status="PASS">
          <params>
            <param index="0">
              <value>
                <![CDATA[chrome]]>
              </value>
            </param>
            <param index="1">
              <value>
                <![CDATA[dev]]>
              </value>
            </param>
          </params>
          <reporter-output>
          </reporter-output>
        </test-method> <!-- setUp -->
        <test-method signature="testLoginSuccess()[pri:0, instance:tests.LoginTest@742ff096]" started-at="2026-03-31T13:52:59 ICT" name="testLoginSuccess" description="Đăng nhập thành công với tài khoản hợp lệ" finished-at="2026-03-31T13:52:59 ICT" duration-ms="474" status="PASS">
          <reporter-output>
          </reporter-output>
        </test-method> <!-- testLoginSuccess -->
        <test-method is-config="true" signature="tearDown(org.testng.ITestResult)[pri:0, instance:tests.LoginTest@742ff096]" started-at="2026-03-31T13:52:59 ICT" name="tearDown" finished-at="2026-03-31T13:53:00 ICT" duration-ms="235" status="PASS">
          <params>
            <param index="0">
              <value>
                <![CDATA[[TestResult name=testLoginSuccess status=SUCCESS method=LoginTest.testLoginSuccess()[pri:0, instance:tests.LoginTest@742ff096] output={null}]]]>
              </value>
            </param>
          </params>
          <reporter-output>
          </reporter-output>
        </test-method> <!-- tearDown -->
        <test-method is-config="true" signature="setUp(java.lang.String,java.lang.String)[pri:0, instance:tests.LoginTest@742ff096]" started-at="2026-03-31T13:53:00 ICT" name="setUp" finished-at="2026-03-31T13:53:05 ICT" duration-ms="5673" status="PASS">
          <params>
            <param index="0">
              <value>
                <![CDATA[chrome]]>
              </value>
            </param>
            <param index="1">
              <value>
                <![CDATA[dev]]>
              </value>
            </param>
          </params>
          <reporter-output>
          </reporter-output>
        </test-method> <!-- setUp -->
        <test-method signature="testLoginWrongPassword()[pri:0, instance:tests.LoginTest@742ff096]" started-at="2026-03-31T13:53:05 ICT" name="testLoginWrongPassword" description="Đăng nhập thất bại - sai mật khẩu" finished-at="2026-03-31T13:53:06 ICT" duration-ms="446" status="PASS">
          <reporter-output>
          </reporter-output>
        </test-method> <!-- testLoginWrongPassword -->
        <test-method is-config="true" signature="tearDown(org.testng.ITestResult)[pri:0, instance:tests.LoginTest@742ff096]" started-at="2026-03-31T13:53:06 ICT" name="tearDown" finished-at="2026-03-31T13:53:06 ICT" duration-ms="165" status="PASS">
          <params>
            <param index="0">
              <value>
                <![CDATA[[TestResult name=testLoginWrongPassword status=SUCCESS method=LoginTest.testLoginWrongPassword()[pri:0, instance:tests.LoginTest@742ff096] output={null}]]]>
              </value>
            </param>
          </params>
          <reporter-output>
          </reporter-output>
        </test-method> <!-- tearDown -->
      </class> <!-- tests.LoginTest -->
    </test> <!-- Login Smoke Tests -->
  </suite> <!-- Smoke Test Suite -->
</testng-results>
